<?xml version="1.0" encoding="UTF-8"?>
  <testsuites tests="80" disabled="4" errors="0" failures="0" time="1.868322308">
      <testsuite name="conformance tests" package="/report" tests="80" disabled="0" skipped="4" errors="0" failures="0" time="1.868322308" timestamp="2026-09-23T13:07:11">
          <properties>
              <property name="SuiteSucceeded" value="true"></property>
              <property name="SuiteHasProgrammaticFocus" value="false"></property>
              <property name="SpecialSuiteFailureReason" value=""></property>
              <property name="SuiteLabels" value="[]"></property>
              <property name="RandomSeed" value="1790168831"></property>
              <property name="RandomizeAllSpecs" value="false"></property>
              <property name="LabelFilter" value=""></property>
              <property name="FocusStrings" value=""></property>
              <property name="SkipStrings" value=""></property>
              <property name="FocusFiles" value=""></property>
              <property name="SkipFiles" value=""></property>
              <property name="FailOnPending" value="false"></property>
              <property name="FailFast" value="false"></property>
              <property name="FlakeAttempts" value="0"></property>
              <property name="DryRun" value="false"></property>
              <property name="ParallelTotal" value="1"></property>
              <property name="OutputInterceptorMode" value=""></property>
          </properties>
          <testcase name="OCI Distribution Conformance Tests Pull Setup Populate registry with test blob" classname="conformance tests" status="passed" time="0.087277067">
              <system-err>&gt; Enter [It] Populate registry with test blob - /go/src/github.com/opencontainers/distribution-spec/conformance/01_pull_test.go:18 @ 09/23/26 13:07:11.71&#xA;&lt; Exit [It] Populate registry with test blob - /go/src/github.com/opencontainers/distribution-spec/conformance/01_pull_test.go:18 @ 09/23/26 13:07:11.797 (87ms)&#xA;&gt; Enter [ReportAfterEach] TOP-LEVEL - /go/src/github.com/opencontainers/distribution-spec/conformance/00_conformance_suite_test.go:23 @ 09/23/26 13:07:11.797&#xA;&lt; Exit [ReportAfterEach] TOP-LEVEL - /go/src/github.com/opencontainers/distribution-spec/conformance/00_conformance_suite_test.go:23 @ 09/23/26 13:07:11.797 (0s)&#xA;</system-err>
          </testcase>
          <testcase name="OCI Distribution Conformance Tests Pull Setup Populate registry with test blob" classname="conformance tests" status="passed" time="0.074096171">
              <system-err>&gt; Enter [It] Populate registry with test blob - /go/src/github.com/opencontainers/distribution-spec/conformance/01_pull_test.go:36 @ 09/23/26 13:07:11.797&#xA;&lt; Exit [It] Populate registry with test blob - /go/src/github.com/opencontainers/distribution-spec/conformance/01_pull_test.go:36 @ 09/23/26 13:07:11.871 (74ms)&#xA;&gt; Enter [ReportAfterEach] TOP-LEVEL - /go/src/github.com/opencontainers/distribution-spec/conformance/00_conformance_suite_test.go:23 @ 09/23/26 13:07:11.871&#xA;&lt; Exit [ReportAfterEach] TOP-LEVEL - /go/src/github.com/opencontainers/distribution-spec/conformance/00_conformance_suite_test.go:23 @ 09/23/26 13:07:11.871 (0s)&#xA;</system-err>
          </testcase>
          <testcase name="OCI Distribution Conformance Tests Pull Setup Populate registry with test layer" classname="conformance tests" status="passed" time="0.028420693">
              <system-err>&gt; Enter [It] Populate registry with test layer - /go/src/github.com/opencontainers/distribution-spec/conformance/01_pull_test.go:54 @ 09/23/26 13:07:11.871&#xA;&lt; Exit [It] Populate registry with test layer - /go/src/github.com/opencontainers/distribution-spec/conformance/01_pull_test.go:54 @ 09/23/26 13:07:11.9 (28ms)&#xA;&gt; Enter [ReportAfterEach] TOP-LEVEL - /go/src/github.com/opencontainers/distribution-spec/conformance/00_conformance_suite_test.go:23 @ 09/23/26 13:07:11.9&#xA;&lt; Exit [ReportAfterEach] TOP-LEVEL - /go/src/github.com/opencontainers/distribution-spec/conformance/00_conformance_suite_test.go:23 @ 09/23/26 13:07:11.9 (0s)&#xA;</system-err>
          </testcase>
          <testcase name="OCI Distribution Conformance Tests Pull Setup Populate registry with test manifest" classname="conformance tests" status="passed" time="0.024267607">
              <system-err>&gt; Enter [It] Populate registry with test manifest - /go/src/github.com/opencontainers/distribution-spec/conformance/01_pull_test.go:72 @ 09/23/26 13:07:11.9&#xA;&lt; Exit [It] Populate registry with test manifest - /go/src/github.com/opencontainers/distribution-spec/conformance/01_pull_test.go:72 @ 09/23/26 13:07:11.924 (24ms)&#xA;&gt; Enter [ReportAfterEach] TOP-LEVEL - /go/src/github.com/opencontainers/distribution-spec/conformance/00_conformance_suite_test.go:23 @ 09/23/26 13:07:11.924&#xA;&lt; Exit [ReportAfterEach] TOP-LEVEL - /go/src/github.com/opencontainers/distribution-spec/conformance/00_conformance_suite_test.go:23 @ 09/23/26 13:07:11.924 (0s)&#xA;</system-err>
          </testcase>
          <testcase name="OCI Distribution Conformance Tests Pull Setup Populate registry with test manifest" classname="conformance tests" status="passed" time="0.019821628">
              <system-err>&gt; Enter [It] Populate registry with test manifest - /go/src/github.com/opencontainers/distribution-spec/conformance/01_pull_test.go:87 @ 09/23/26 13:07:11.925&#xA;&lt; Exit [It] Populate registry with test manifest - /go/src/github.com/opencontainers/distribution-spec/conformance/01_pull_test.go:87 @ 09/23/26 13:07:11.944 (20ms)&#xA;&gt; Enter [ReportAfterEach] TOP-LEVEL - /go/src/github.com/opencontainers/distribution-spec/conformance/00_conformance_suite_test.go:23 @ 09/23/26 13:07:11.944&#xA;&lt; Exit [ReportAfterEach] TOP-LEVEL - /go/src/github.com/opencontainers/distribution-spec/conformance/00_conformance_suite_test.go:23 @ 09/23/26 13:07:11.945 (0s)&#xA;</system-err>
          </testcase>
          <testcase name="OCI Distribution Conformance Tests Pull Setup Get tag name from environment" classname="conformance tests" status="skipped" time="0.000481214">
              <skipped message="skipped - you have skipped this test."></skipped>
              <system-err>&gt; Enter [It] Get tag name from environment - /go/src/github.com/opencontainers/distribution-spec/conformance/01_pull_test.go:101 @ 09/23/26 13:07:11.945&#xA;[SKIPPED] you have skipped this test.&#xA;In [It] at: /go/src/github.com/opencontainers/distribution-spec/conformance/setup.go:591 @ 09/23/26 13:07:11.945&#xA;&lt; Exit [It] Get tag name from environment - /go/src/github.com/opencontainers/distribution-spec/conformance/01_pull_test.go:101 @ 09/23/26 13:07:11.945 (0s)&#xA;&gt; Enter [ReportAfterEach] TOP-LEVEL - /go/src/github.com/opencontainers/distribution-spec/conformance/00_conformance_suite_test.go:23 @ 09/23/26 13:07:11.945&#xA;&lt; Exit [ReportAfterEach] TOP-LEVEL - /go/src/github.com/opencontainers/distribution-spec/conformance/00_conformance_suite_test.go:23 @ 09/23/26 13:07:11.945 (0s)&#xA;</system-err>
          </testcase>
          <testcase name="OCI Distribution Conformance Tests Pull Pull blobs HEAD request to nonexistent blob should result in 404 response" classname="conformance tests" status="passed" time="0.011511629">
              <system-err>&gt; Enter [It] HEAD request to nonexistent blob should result in 404 response - /go/src/github.com/opencontainers/distribution-spec/conformance/01_pull_test.go:112 @ 09/23/26 13:07:11.945&#xA;&lt; Exit [It] HEAD request to nonexistent blob should result in 404 response - /go/src/github.com/opencontainers/distribution-spec/conformance/01_pull_test.go:112 @ 09/23/26 13:07:11.957 (11ms)&#xA;&gt; Enter [ReportAfterEach] TOP-LEVEL - /go/src/github.com/opencontainers/distribution-spec/conformance/00_conformance_suite_test.go:23 @ 09/23/26 13:07:11.957&#xA;&lt; Exit [ReportAfterEach] TOP-LEVEL - /go/src/github.com/opencontainers/distribution-spec/conformance/00_conformance_suite_test.go:23 @ 09/23/26 13:07:11.957 (0s)&#xA;</system-err>
          </testcase>
          <testcase name="OCI Distribution Conformance Tests Pull Pull blobs HEAD request to existing blob should yield 200" classname="conformance tests" status="passed" time="0.003009723">
              <system-err>&gt; Enter [It] HEAD request to existing blob should yield 200 - /go/src/github.com/opencontainers/distribution-spec/conformance/01_pull_test.go:121 @ 09/23/26 13:07:11.957&#xA;&lt; Exit [It] HEAD request to existing blob should yield 200 - /go/src/github.com/opencontainers/distribution-spec/conformance/01_pull_test.go:121 @ 09/23/26 13:07:11.96 (3ms)&#xA;&gt; Enter [ReportAfterEach] TOP-LEVEL - /go/src/github.com/opencontainers/distribution-spec/conformance/00_conformance_suite_test.go:23 @ 09/23/26 13:07:11.96&#xA;&lt; Exit [ReportAfterEach] TOP-LEVEL - /go/src/github.com/opencontainers/distribution-spec/conformance/00_conformance_suite_test.go:23 @ 09/23/26 13:07:11.96 (0s)&#xA;</system-err>
          </testcase>
          <testcase name="OCI Distribution Conformance Tests Pull Pull blobs GET nonexistent blob should result in 404 response" classname="conformance tests" status="passed" time="0.011138827">
              <system-err>&gt; Enter [It] GET nonexistent blob should result in 404 response - /go/src/github.com/opencontainers/distribution-spec/conformance/01_pull_test.go:133 @ 09/23/26 13:07:11.96&#xA;&lt; Exit [It] GET nonexistent blob should result in 404 response - /go/src/github.com/opencontainers/distribution-spec/conformance/01_pull_test.go:133 @ 09/23/26 13:07:11.971 (11ms)&#xA;&gt; Enter [ReportAfterEach] TOP-LEVEL - /go/src/github.com/opencontainers/distribution-spec/conformance/00_conformance_suite_test.go:23 @ 09/23/26 13:07:11.971&#xA;&lt; Exit [ReportAfterEach] TOP-LEVEL - /go/src/github.com/opencontainers/distribution-spec/conformance/00_conformance_suite_test.go:23 @ 09/23/26 13:07:11.971 (0s)&#xA;</system-err>
          </testcase>
          <testcase name="OCI Distribution Conformance Tests Pull Pull blobs GET request to existing blob URL should yield 200" classname="conformance tests" status="passed" time="0.010563219">
              <system-err>&gt; Enter [It] GET request to existing blob URL should yield 200 - /go/src/github.com/opencontainers/distribution-spec/conformance/01_pull_test.go:142 @ 09/23/26 13:07:11.972&#xA;&lt; Exit [It] GET request to existing blob URL should yield 200 - /go/src/github.com/opencontainers/distribution-spec/conformance/01_pull_test.go:142 @ 09/23/26 13:07:11.982 (11ms)&#xA;&gt; Enter [ReportAfterEach] TOP-LEVEL - /go/src/github.com/opencontainers/distribution-spec/conformance/00_conformance_suite_test.go:23 @ 09/23/26 13:07:11.982&#xA;&lt; Exit [ReportAfterEach] TOP-LEVEL - /go/src/github.com/opencontainers/distribution-spec/conformance/00_conformance_suite_test.go:23 @ 09/23/26 13:07:11.982 (0s)&#xA;</system-err>
          </testcase>
          <testcase name="OCI Distribution Conformance Tests Pull Pull manifests HEAD request to nonexistent manifest should return 404" classname="conformance tests" status="passed" time="0.005134206">
              <system-err>&gt; Enter [It] HEAD request to nonexistent manifest should return 404 - /go/src/github.com/opencontainers/distribution-spec/conformance/01_pull_test.go:152 @ 09/23/26 13:07:11.983&#xA;&lt; Exit [It] HEAD request to nonexistent manifest should return 404 - /go/src/github.com/opencontainers/distribution-spec/conformance/01_pull_test.go:152 @ 09/23/26 13:07:11.988 (5ms)&#xA;&gt; Enter [ReportAfterEach] TOP-LEVEL - /go/src/github.com/opencontainers/distribution-spec/conformance/00_conformance_suite_test.go:23 @ 09/23/26 13:07:11.988&#xA;&lt; Exit [ReportAfterEach] TOP-LEVEL - /go/src/github.com/opencontainers/distribution-spec/conformance/00_conformance_suite_test.go:23 @ 09/23/26 13:07:11.988 (0s)&#xA;</system-err>
          </testcase>
          <testcase name="OCI Distribution Conformance Tests Pull Pull manifests HEAD request to manifest[0] path (digest) should yield 200 response" classname="conformance tests" status="passed" time="0.005898955">
              <system-err>&gt; Enter [It] HEAD request to manifest[0] path (digest) should yield 200 response - /go/src/github.com/opencontainers/distribution-spec/conformance/01_pull_test.go:161 @ 09/23/26 13:07:11.99&#xA;&lt; Exit [It] HEAD request to manifest[0] path (digest) should yield 200 response - /go/src/github.com/opencontainers/distribution-spec/conformance/01_pull_test.go:161 @ 09/23/26 13:07:11.996 (6ms)&#xA;&gt; Enter [ReportAfterEach] TOP-LEVEL - /go/src/github.com/opencontainers/distribution-spec/conformance/00_conformance_suite_test.go:23 @ 09/23/26 13:07:11.996&#xA;&lt; Exit [ReportAfterEach] TOP-LEVEL - /go/src/github.com/opencontainers/distribution-spec/conformance/00_conformance_suite_test.go:23 @ 09/23/26 13:07:11.996 (0s)&#xA;</system-err>
          </testcase>
          <testcase name="OCI Distribution Conformance Tests Pull Pull manifests HEAD request to manifest[1] path (digest) should yield 200 response" classname="conformance tests" status="passed" time="0.003540399">
              <system-err>&gt; Enter [It] HEAD request to manifest[1] path (digest) should yield 200 response - /go/src/github.com/opencontainers/distribution-spec/conformance/01_pull_test.go:173 @ 09/23/26 13:07:11.997&#xA;&lt; Exit [It] HEAD request to manifest[1] path (digest) should yield 200 response - /go/src/github.com/opencontainers/distribution-spec/conformance/01_pull_test.go:173 @ 09/23/26 13:07:12 (4ms)&#xA;&gt; Enter [ReportAfterEach] TOP-LEVEL - /go/src/github.com/opencontainers/distribution-spec/conformance/00_conformance_suite_test.go:23 @ 09/23/26 13:07:12&#xA;&lt; Exit [ReportAfterEach] TOP-LEVEL - /go/src/github.com/opencontainers/distribution-spec/conformance/00_conformance_suite_test.go:23 @ 09/23/26 13:07:12 (0s)&#xA;</system-err>
          </testcase>
          <testcase name="OCI Distribution Conformance Tests Pull Pull manifests HEAD request to manifest path (tag) should yield 200 response" classname="conformance tests" status="passed" time="0.005699736">
              <system-err>&gt; Enter [It] HEAD request to manifest path (tag) should yield 200 response - /go/src/github.com/opencontainers/distribution-spec/conformance/01_pull_test.go:185 @ 09/23/26 13:07:12&#xA;&lt; Exit [It] HEAD request to manifest path (tag) should yield 200 response - /go/src/github.com/opencontainers/distribution-spec/conformance/01_pull_test.go:185 @ 09/23/26 13:07:12.006 (6ms)&#xA;&gt; Enter [ReportAfterEach] TOP-LEVEL - /go/src/github.com/opencontainers/distribution-spec/conformance/00_conformance_suite_test.go:23 @ 09/23/26 13:07:12.006&#xA;&lt; Exit [ReportAfterEach] TOP-LEVEL - /go/src/github.com/opencontainers/distribution-spec/conformance/00_conformance_suite_test.go:23 @ 09/23/26 13:07:12.006 (0s)&#xA;</system-err>
          </testcase>
          <testcase name="OCI Distribution Conformance Tests Pull Pull manifests GET nonexistent manifest should return 404" classname="conformance tests" status="passed" time="0.010974292">
              <system-err>&gt; Enter [It] GET nonexistent manifest should return 404 - /go/src/github.com/opencontainers/distribution-spec/conformance/01_pull_test.go:198 @ 09/23/26 13:07:12.006&#xA;&lt; Exit [It] GET nonexistent manifest should return 404 - /go/src/github.com/opencontainers/distribution-spec/conformance/01_pull_test.go:198 @ 09/23/26 13:07:12.017 (11ms)&#xA;&gt; Enter [ReportAfterEach] TOP-LEVEL - /go/src/github.com/opencontainers/distribution-spec/conformance/00_conformance_suite_test.go:23 @ 09/23/26 13:07:12.017&#xA;&lt; Exit [ReportAfterEach] TOP-LEVEL - /go/src/github.com/opencontainers/distribution-spec/conformance/00_conformance_suite_test.go:23 @ 09/23/26 13:07:12.017 (0s)&#xA;</system-err>
          </testcase>
          <testcase name="OCI Distribution Conformance Tests Pull Pull manifests GET request to manifest[0] path (digest) should yield 200 response" classname="conformance tests" status="passed" time="0.004104266">
              <system-err>&gt; Enter [It] GET request to manifest[0] path (digest) should yield 200 response - /go/src/github.com/opencontainers/distribution-spec/conformance/01_pull_test.go:207 @ 09/23/26 13:07:12.018&#xA;&lt; Exit [It] GET request to manifest[0] path (digest) should yield 200 response - /go/src/github.com/opencontainers/distribution-spec/conformance/01_pull_test.go:207 @ 09/23/26 13:07:12.022 (4ms)&#xA;&gt; Enter [ReportAfterEach] TOP-LEVEL - /go/src/github.com/opencontainers/distribution-spec/conformance/00_conformance_suite_test.go:23 @ 09/23/26 13:07:12.022&#xA;&lt; Exit [ReportAfterEach] TOP-LEVEL - /go/src/github.com/opencontainers/distribution-spec/conformance/00_conformance_suite_test.go:23 @ 09/23/26 13:07:12.022 (0s)&#xA;</system-err>
          </testcase>
          <testcase name="OCI Distribution Conformance Tests Pull Pull manifests GET request to manifest[1] path (digest) should yield 200 response" classname="conformance tests" status="passed" time="0.010511925">
              <system-err>&gt; Enter [It] GET request to manifest[1] path (digest) should yield 200 response - /go/src/github.com/opencontainers/distribution-spec/conformance/01_pull_test.go:216 @ 09/23/26 13:07:12.022&#xA;&lt; Exit [It] GET request to manifest[1] path (digest) should yield 200 response - /go/src/github.com/opencontainers/distribution-spec/conformance/01_pull_test.go:216 @ 09/23/26 13:07:12.032 (10ms)&#xA;&gt; Enter [ReportAfterEach] TOP-LEVEL - /go/src/github.com/opencontainers/distribution-spec/conformance/00_conformance_suite_test.go:23 @ 09/23/26 13:07:12.032&#xA;&lt; Exit [ReportAfterEach] TOP-LEVEL - /go/src/github.com/opencontainers/distribution-spec/conformance/00_conformance_suite_test.go:23 @ 09/23/26 13:07:12.032 (0s)&#xA;</system-err>
          </testcase>
          <testcase name="OCI Distribution Conformance Tests Pull Pull manifests GET request to manifest path (tag) should yield 200 response" classname="conformance tests" status="passed" time="0.004653734">
              <system-err>&gt; Enter [It] GET request to manifest path (tag) should yield 200 response - /go/src/github.com/opencontainers/distribution-spec/conformance/01_pull_test.go:225 @ 09/23/26 13:07:12.033&#xA;&lt; Exit [It] GET request to manifest path (tag) should yield 200 response - /go/src/github.com/opencontainers/distribution-spec/conformance/01_pull_test.go:225 @ 09/23/26 13:07:12.038 (5ms)&#xA;&gt; Enter [ReportAfterEach] TOP-LEVEL - /go/src/github.com/opencontainers/distribution-spec/conformance/00_conformance_suite_test.go:23 @ 09/23/26 13:07:12.038&#xA;&lt; Exit [ReportAfterEach] TOP-LEVEL - /go/src/github.com/opencontainers/distribution-spec/conformance/00_conformance_suite_test.go:23 @ 09/23/26 13:07:12.038 (0s)&#xA;</system-err>
          </testcase>
          <testcase name="OCI Distribution Conformance Tests Pull Error codes 400 response body should contain OCI-conforming JSON message" classname="conformance tests" status="passed" time="0.003008482">
              <system-err>&gt; Enter [It] 400 response body should contain OCI-conforming JSON message - /go/src/github.com/opencontainers/distribution-spec/conformance/01_pull_test.go:237 @ 09/23/26 13:07:12.038&#xA;&lt; Exit [It] 400 response body should contain OCI-conforming JSON message - /go/src/github.com/opencontainers/distribution-spec/conformance/01_pull_test.go:237 @ 09/23/26 13:07:12.041 (3ms)&#xA;&gt; Enter [ReportAfterEach] TOP-LEVEL - /go/src/github.com/opencontainers/distribution-spec/conformance/00_conformance_suite_test.go:23 @ 09/23/26 13:07:12.041&#xA;&lt; Exit [ReportAfterEach] TOP-LEVEL - /go/src/github.com/opencontainers/distribution-spec/conformance/00_conformance_suite_test.go:23 @ 09/23/26 13:07:12.041 (0s)&#xA;</system-err>
          </testcase>
          <testcase name="OCI Distribution Conformance Tests Pull Teardown Delete manifest[0] created in setup" classname="conformance tests" status="passed" time="0.010745917">
              <system-err>&gt; Enter [It] Delete manifest[0] created in setup - /go/src/github.com/opencontainers/distribution-spec/conformance/01_pull_test.go:260 @ 09/23/26 13:07:12.041&#xA;&lt; Exit [It] Delete manifest[0] created in setup - /go/src/github.com/opencontainers/distribution-spec/conformance/01_pull_test.go:260 @ 09/23/26 13:07:12.052 (11ms)&#xA;&gt; Enter [ReportAfterEach] TOP-LEVEL - /go/src/github.com/opencontainers/distribution-spec/conformance/00_conformance_suite_test.go:23 @ 09/23/26 13:07:12.052&#xA;&lt; Exit [ReportAfterEach] TOP-LEVEL - /go/src/github.com/opencontainers/distribution-spec/conformance/00_conformance_suite_test.go:23 @ 09/23/26 13:07:12.052 (0s)&#xA;</system-err>
          </testcase>
          <testcase name="OCI Distribution Conformance Tests Pull Teardown Delete manifest[1] created in setup" classname="conformance tests" status="passed" time="0.01194394">
              <system-err>&gt; Enter [It] Delete manifest[1] created in setup - /go/src/github.com/opencontainers/distribution-spec/conformance/01_pull_test.go:274 @ 09/23/26 13:07:12.052&#xA;&lt; Exit [It] Delete manifest[1] created in setup - /go/src/github.com/opencontainers/distribution-spec/conformance/01_pull_test.go:274 @ 09/23/26 13:07:12.064 (12ms)&#xA;&gt; Enter [ReportAfterEach] TOP-LEVEL - /go/src/github.com/opencontainers/distribution-spec/conformance/00_conformance_suite_test.go:23 @ 09/23/26 13:07:12.064&#xA;&lt; Exit [ReportAfterEach] TOP-LEVEL - /go/src/github.com/opencontainers/distribution-spec/conformance/00_conformance_suite_test.go:23 @ 09/23/26 13:07:12.065 (1ms)&#xA;</system-err>
          </testcase>
          <testcase name="OCI Distribution Conformance Tests Pull Teardown Delete config[0] blob created in setup" classname="conformance tests" status="passed" time="0.006939335">
              <system-err>&gt; Enter [It] Delete config[0] blob created in setup - /go/src/github.com/opencontainers/distribution-spec/conformance/01_pull_test.go:290 @ 09/23/26 13:07:12.066&#xA;&lt; Exit [It] Delete config[0] blob created in setup - /go/src/github.com/opencontainers/distribution-spec/conformance/01_pull_test.go:290 @ 09/23/26 13:07:12.072 (7ms)&#xA;&gt; Enter [ReportAfterEach] TOP-LEVEL - /go/src/github.com/opencontainers/distribution-spec/conformance/00_conformance_suite_test.go:23 @ 09/23/26 13:07:12.072&#xA;&lt; Exit [ReportAfterEach] TOP-LEVEL - /go/src/github.com/opencontainers/distribution-spec/conformance/00_conformance_suite_test.go:23 @ 09/23/26 13:07:12.073 (0s)&#xA;</system-err>
          </testcase>
          <testcase name="OCI Distribution Conformance Tests Pull Teardown Delete config[1] blob created in setup" classname="conformance tests" status="passed" time="0.008041731">
              <system-err>&gt; Enter [It] Delete config[1] blob created in setup - /go/src/github.com/opencontainers/distribution-spec/conformance/01_pull_test.go:305 @ 09/23/26 13:07:12.073&#xA;&lt; Exit [It] Delete config[1] blob created in setup - /go/src/github.com/opencontainers/distribution-spec/conformance/01_pull_test.go:305 @ 09/23/26 13:07:12.081 (8ms)&#xA;&gt; Enter [ReportAfterEach] TOP-LEVEL - /go/src/github.com/opencontainers/distribution-spec/conformance/00_conformance_suite_test.go:23 @ 09/23/26 13:07:12.081&#xA;&lt; Exit [ReportAfterEach] TOP-LEVEL - /go/src/github.com/opencontainers/distribution-spec/conformance/00_conformance_suite_test.go:23 @ 09/23/26 13:07:12.081 (0s)&#xA;</system-err>
          </testcase>
          <testcase name="OCI Distribution Conformance Tests Pull Teardown Delete layer blob created in setup" classname="conformance tests" status="passed" time="0.014049477">
              <system-err>&gt; Enter [It] Delete layer blob created in setup - /go/src/github.com/opencontainers/distribution-spec/conformance/01_pull_test.go:321 @ 09/23/26 13:07:12.081&#xA;&lt; Exit [It] Delete layer blob created in setup - /go/src/github.com/opencontainers/distribution-spec/conformance/01_pull_test.go:321 @ 09/23/26 13:07:12.095 (14ms)&#xA;&gt; Enter [ReportAfterEach] TOP-LEVEL - /go/src/github.com/opencontainers/distribution-spec/conformance/00_conformance_suite_test.go:23 @ 09/23/26 13:07:12.095&#xA;&lt; Exit [ReportAfterEach] TOP-LEVEL - /go/src/github.com/opencontainers/distribution-spec/conformance/00_conformance_suite_test.go:23 @ 09/23/26 13:07:12.095 (0s)&#xA;</system-err>
          </testcase>
          <testcase name="OCI Distribution Conformance Tests Push Blob Upload Streamed PATCH request with blob in body should yield 202 response" classname="conformance tests" status="passed" time="0.018251184">
              <system-err>&gt; Enter [It] PATCH request with blob in body should yield 202 response - /go/src/github.com/opencontainers/distribution-spec/conformance/02_push_test.go:25 @ 09/23/26 13:07:12.095&#xA;&lt; Exit [It] PATCH request with blob in body should yield 202 response - /go/src/github.com/opencontainers/distribution-spec/conformance/02_push_test.go:25 @ 09/23/26 13:07:12.114 (18ms)&#xA;&gt; Enter [ReportAfterEach] TOP-LEVEL - /go/src/github.com/opencontainers/distribution-spec/conformance/00_conformance_suite_test.go:23 @ 09/23/26 13:07:12.114&#xA;&lt; Exit [ReportAfterEach] TOP-LEVEL - /go/src/github.com/opencontainers/distribution-spec/conformance/00_conformance_suite_test.go:23 @ 09/23/26 13:07:12.114 (0s)&#xA;</system-err>
          </testcase>
          <testcase name="OCI Distribution Conformance Tests Push Blob Upload Streamed PUT request to session URL with digest should yield 201 response" classname="conformance tests" status="passed" time="0.033013805">
              <system-err>&gt; Enter [It] PUT request to session URL with digest should yield 201 response - /go/src/github.com/opencontainers/distribution-spec/conformance/02_push_test.go:42 @ 09/23/26 13:07:12.114&#xA;&lt; Exit [It] PUT request to session URL with digest should yield 201 response - /go/src/github.com/opencontainers/distribution-spec/conformance/02_push_test.go:42 @ 09/23/26 13:07:12.147 (33ms)&#xA;&gt; Enter [ReportAfterEach] TOP-LEVEL - /go/src/github.com/opencontainers/distribution-spec/conformance/00_conformance_suite_test.go:23 @ 09/23/26 13:07:12.147&#xA;&lt; Exit [ReportAfterEach] TOP-LEVEL - /go/src/github.com/opencontainers/distribution-spec/conformance/00_conformance_suite_test.go:23 @ 09/23/26 13:07:12.147 (0s)&#xA;</system-err>
          </testcase>
          <testcase name="OCI Distribution Conformance Tests Push Blob Upload Monolithic GET nonexistent blob should result in 404 response" classname="conformance tests" status="passed" time="0.009901863">
              <system-err>&gt; Enter [It] GET nonexistent blob should result in 404 response - /go/src/github.com/opencontainers/distribution-spec/conformance/02_push_test.go:58 @ 09/23/26 13:07:12.149&#xA;&lt; Exit [It] GET nonexistent blob should result in 404 response - /go/src/github.com/opencontainers/distribution-spec/conformance/02_push_test.go:58 @ 09/23/26 13:07:12.159 (10ms)&#xA;&gt; Enter [ReportAfterEach] TOP-LEVEL - /go/src/github.com/opencontainers/distribution-spec/conformance/00_conformance_suite_test.go:23 @ 09/23/26 13:07:12.159&#xA;&lt; Exit [ReportAfterEach] TOP-LEVEL - /go/src/github.com/opencontainers/distribution-spec/conformance/00_conformance_suite_test.go:23 @ 09/23/26 13:07:12.159 (0s)&#xA;</system-err>
          </testcase>
          <testcase name="OCI Distribution Conformance Tests Push Blob Upload Monolithic POST request with digest and blob should yield a 201 or 202" classname="conformance tests" status="passed" time="0.01721991">
              <system-err>&gt; Enter [It] POST request with digest and blob should yield a 201 or 202 - /go/src/github.com/opencontainers/distribution-spec/conformance/02_push_test.go:67 @ 09/23/26 13:07:12.159&#xA;&lt; Exit [It] POST request with digest and blob should yield a 201 or 202 - /go/src/github.com/opencontainers/distribution-spec/conformance/02_push_test.go:67 @ 09/23/26 13:07:12.177 (17ms)&#xA;&gt; Enter [ReportAfterEach] TOP-LEVEL - /go/src/github.com/opencontainers/distribution-spec/conformance/00_conformance_suite_test.go:23 @ 09/23/26 13:07:12.177&#xA;&lt; Exit [ReportAfterEach] TOP-LEVEL - /go/src/github.com/opencontainers/distribution-spec/conformance/00_conformance_suite_test.go:23 @ 09/23/26 13:07:12.177 (0s)&#xA;</system-err>
          </testcase>
          <testcase name="OCI Distribution Conformance Tests Push Blob Upload Monolithic GET request to blob URL from prior request should yield 200 or 404 based on response code" classname="conformance tests" status="passed" time="0.004513795">
              <system-err>&gt; Enter [It] GET request to blob URL from prior request should yield 200 or 404 based on response code - /go/src/github.com/opencontainers/distribution-spec/conformance/02_push_test.go:85 @ 09/23/26 13:07:12.177&#xA;&lt; Exit [It] GET request to blob URL from prior request should yield 200 or 404 based on response code - /go/src/github.com/opencontainers/distribution-spec/conformance/02_push_test.go:85 @ 09/23/26 13:07:12.181 (5ms)&#xA;&gt; Enter [ReportAfterEach] TOP-LEVEL - /go/src/github.com/opencontainers/distribution-spec/conformance/00_conformance_suite_test.go:23 @ 09/23/26 13:07:12.181&#xA;&lt; Exit [ReportAfterEach] TOP-LEVEL - /go/src/github.com/opencontainers/distribution-spec/conformance/00_conformance_suite_test.go:23 @ 09/23/26 13:07:12.181 (0s)&#xA;</system-err>
          </testcase>
          <testcase name="OCI Distribution Conformance Tests Push Blob Upload Monolithic POST request should yield a session ID" classname="conformance tests" status="passed" time="0.00744877">
              <system-err>&gt; Enter [It] POST request should yield a session ID - /go/src/github.com/opencontainers/distribution-spec/conformance/02_push_test.go:98 @ 09/23/26 13:07:12.181&#xA;&lt; Exit [It] POST request should yield a session ID - /go/src/github.com/opencontainers/distribution-spec/conformance/02_push_test.go:98 @ 09/23/26 13:07:12.189 (7ms)&#xA;&gt; Enter [ReportAfterEach] TOP-LEVEL - /go/src/github.com/opencontainers/distribution-spec/conformance/00_conformance_suite_test.go:23 @ 09/23/26 13:07:12.189&#xA;&lt; Exit [ReportAfterEach] TOP-LEVEL - /go/src/github.com/opencontainers/distribution-spec/conformance/00_conformance_suite_test.go:23 @ 09/23/26 13:07:12.189 (0s)&#xA;</system-err>
          </testcase>
          <testcase name="OCI Distribution Conformance Tests Push Blob Upload Monolithic PUT upload of a blob should yield a 201 Response" classname="conformance tests" status="passed" time="0.009188088">
              <system-err>&gt; Enter [It] PUT upload of a blob should yield a 201 Response - /go/src/github.com/opencontainers/distribution-spec/conformance/02_push_test.go:107 @ 09/23/26 13:07:12.189&#xA;&lt; Exit [It] PUT upload of a blob should yield a 201 Response - /go/src/github.com/opencontainers/distribution-spec/conformance/02_push_test.go:107 @ 09/23/26 13:07:12.198 (9ms)&#xA;&gt; Enter [ReportAfterEach] TOP-LEVEL - /go/src/github.com/opencontainers/distribution-spec/conformance/00_conformance_suite_test.go:23 @ 09/23/26 13:07:12.198&#xA;&lt; Exit [ReportAfterEach] TOP-LEVEL - /go/src/github.com/opencontainers/distribution-spec/conformance/00_conformance_suite_test.go:23 @ 09/23/26 13:07:12.198 (0s)&#xA;</system-err>
          </testcase>
          <testcase name="OCI Distribution Conformance Tests Push Blob Upload Monolithic GET request to existing blob should yield 200 response" classname="conformance tests" status="passed" time="0.003151768">
              <system-err>&gt; Enter [It] GET request to existing blob should yield 200 response - /go/src/github.com/opencontainers/distribution-spec/conformance/02_push_test.go:121 @ 09/23/26 13:07:12.198&#xA;&lt; Exit [It] GET request to existing blob should yield 200 response - /go/src/github.com/opencontainers/distribution-spec/conformance/02_push_test.go:121 @ 09/23/26 13:07:12.201 (3ms)&#xA;&gt; Enter [ReportAfterEach] TOP-LEVEL - /go/src/github.com/opencontainers/distribution-spec/conformance/00_conformance_suite_test.go:23 @ 09/23/26 13:07:12.201&#xA;&lt; Exit [ReportAfterEach] TOP-LEVEL - /go/src/github.com/opencontainers/distribution-spec/conformance/00_conformance_suite_test.go:23 @ 09/23/26 13:07:12.201 (0s)&#xA;</system-err>
          </testcase>
          <testcase name="OCI Distribution Conformance Tests Push Blob Upload Monolithic PUT upload of a layer blob should yield a 201 Response" classname="conformance tests" status="passed" time="0.074617377">
              <system-err>&gt; Enter [It] PUT upload of a layer blob should yield a 201 Response - /go/src/github.com/opencontainers/distribution-spec/conformance/02_push_test.go:129 @ 09/23/26 13:07:12.202&#xA;&lt; Exit [It] PUT upload of a layer blob should yield a 201 Response - /go/src/github.com/opencontainers/distribution-spec/conformance/02_push_test.go:129 @ 09/23/26 13:07:12.276 (74ms)&#xA;&gt; Enter [ReportAfterEach] TOP-LEVEL - /go/src/github.com/opencontainers/distribution-spec/conformance/00_conformance_suite_test.go:23 @ 09/23/26 13:07:12.276&#xA;&lt; Exit [ReportAfterEach] TOP-LEVEL - /go/src/github.com/opencontainers/distribution-spec/conformance/00_conformance_suite_test.go:23 @ 09/23/26 13:07:12.276 (0s)&#xA;</system-err>
          </testcase>
          <testcase name="OCI Distribution Conformance Tests Push Blob Upload Monolithic GET request to existing layer should yield 200 response" classname="conformance tests" status="passed" time="0.005166195">
              <system-err>&gt; Enter [It] GET request to existing layer should yield 200 response - /go/src/github.com/opencontainers/distribution-spec/conformance/02_push_test.go:146 @ 09/23/26 13:07:12.276&#xA;&lt; Exit [It] GET request to existing layer should yield 200 response - /go/src/github.com/opencontainers/distribution-spec/conformance/02_push_test.go:146 @ 09/23/26 13:07:12.281 (5ms)&#xA;&gt; Enter [ReportAfterEach] TOP-LEVEL - /go/src/github.com/opencontainers/distribution-spec/conformance/00_conformance_suite_test.go:23 @ 09/23/26 13:07:12.281&#xA;&lt; Exit [ReportAfterEach] TOP-LEVEL - /go/src/github.com/opencontainers/distribution-spec/conformance/00_conformance_suite_test.go:23 @ 09/23/26 13:07:12.281 (0s)&#xA;</system-err>
          </testcase>
          <testcase name="OCI Distribution Conformance Tests Push Blob Upload Chunked Out-of-order blob upload should return 416" classname="conformance tests" status="passed" time="0.029447738">
              <system-err>&gt; Enter [It] Out-of-order blob upload should return 416 - /go/src/github.com/opencontainers/distribution-spec/conformance/02_push_test.go:156 @ 09/23/26 13:07:12.281&#xA;&lt; Exit [It] Out-of-order blob upload should return 416 - /go/src/github.com/opencontainers/distribution-spec/conformance/02_push_test.go:156 @ 09/23/26 13:07:12.311 (29ms)&#xA;&gt; Enter [ReportAfterEach] TOP-LEVEL - /go/src/github.com/opencontainers/distribution-spec/conformance/00_conformance_suite_test.go:23 @ 09/23/26 13:07:12.311&#xA;&lt; Exit [ReportAfterEach] TOP-LEVEL - /go/src/github.com/opencontainers/distribution-spec/conformance/00_conformance_suite_test.go:23 @ 09/23/26 13:07:12.311 (0s)&#xA;</system-err>
          </testcase>
          <testcase name="OCI Distribution Conformance Tests Push Blob Upload Chunked PATCH request with first chunk should return 202" classname="conformance tests" status="passed" time="0.032906196">
              <system-err>&gt; Enter [It] PATCH request with first chunk should return 202 - /go/src/github.com/opencontainers/distribution-spec/conformance/02_push_test.go:185 @ 09/23/26 13:07:12.312&#xA;&lt; Exit [It] PATCH request with first chunk should return 202 - /go/src/github.com/opencontainers/distribution-spec/conformance/02_push_test.go:185 @ 09/23/26 13:07:12.345 (33ms)&#xA;&gt; Enter [ReportAfterEach] TOP-LEVEL - /go/src/github.com/opencontainers/distribution-spec/conformance/00_conformance_suite_test.go:23 @ 09/23/26 13:07:12.345&#xA;&lt; Exit [ReportAfterEach] TOP-LEVEL - /go/src/github.com/opencontainers/distribution-spec/conformance/00_conformance_suite_test.go:23 @ 09/23/26 13:07:12.345 (0s)&#xA;</system-err>
          </testcase>
          <testcase name="OCI Distribution Conformance Tests Push Blob Upload Chunked Retry previous blob chunk should return 416" classname="conformance tests" status="passed" time="0.00784673">
              <system-err>&gt; Enter [It] Retry previous blob chunk should return 416 - /go/src/github.com/opencontainers/distribution-spec/conformance/02_push_test.go:206 @ 09/23/26 13:07:12.345&#xA;&lt; Exit [It] Retry previous blob chunk should return 416 - /go/src/github.com/opencontainers/distribution-spec/conformance/02_push_test.go:206 @ 09/23/26 13:07:12.353 (8ms)&#xA;&gt; Enter [ReportAfterEach] TOP-LEVEL - /go/src/github.com/opencontainers/distribution-spec/conformance/00_conformance_suite_test.go:23 @ 09/23/26 13:07:12.353&#xA;&lt; Exit [ReportAfterEach] TOP-LEVEL - /go/src/github.com/opencontainers/distribution-spec/conformance/00_conformance_suite_test.go:23 @ 09/23/26 13:07:12.353 (0s)&#xA;</system-err>
          </testcase>
          <testcase name="OCI Distribution Conformance Tests Push Blob Upload Chunked Get on stale blob upload should return 204 with a range and location" classname="conformance tests" status="passed" time="0.002306239">
              <system-err>&gt; Enter [It] Get on stale blob upload should return 204 with a range and location - /go/src/github.com/opencontainers/distribution-spec/conformance/02_push_test.go:218 @ 09/23/26 13:07:12.353&#xA;&lt; Exit [It] Get on stale blob upload should return 204 with a range and location - /go/src/github.com/opencontainers/distribution-spec/conformance/02_push_test.go:218 @ 09/23/26 13:07:12.356 (2ms)&#xA;&gt; Enter [ReportAfterEach] TOP-LEVEL - /go/src/github.com/opencontainers/distribution-spec/conformance/00_conformance_suite_test.go:23 @ 09/23/26 13:07:12.356&#xA;&lt; Exit [ReportAfterEach] TOP-LEVEL - /go/src/github.com/opencontainers/distribution-spec/conformance/00_conformance_suite_test.go:23 @ 09/23/26 13:07:12.356 (0s)&#xA;</system-err>
          </testcase>
          <testcase name="OCI Distribution Conformance Tests Push Blob Upload Chunked PATCH request with second chunk should return 202" classname="conformance tests" status="passed" time="0.005663999">
              <system-err>&gt; Enter [It] PATCH request with second chunk should return 202 - /go/src/github.com/opencontainers/distribution-spec/conformance/02_push_test.go:229 @ 09/23/26 13:07:12.356&#xA;&lt; Exit [It] PATCH request with second chunk should return 202 - /go/src/github.com/opencontainers/distribution-spec/conformance/02_push_test.go:229 @ 09/23/26 13:07:12.361 (6ms)&#xA;&gt; Enter [ReportAfterEach] TOP-LEVEL - /go/src/github.com/opencontainers/distribution-spec/conformance/00_conformance_suite_test.go:23 @ 09/23/26 13:07:12.361&#xA;&lt; Exit [ReportAfterEach] TOP-LEVEL - /go/src/github.com/opencontainers/distribution-spec/conformance/00_conformance_suite_test.go:23 @ 09/23/26 13:07:12.361 (0s)&#xA;</system-err>
          </testcase>
          <testcase name="OCI Distribution Conformance Tests Push Blob Upload Chunked PUT request with digest should return 201" classname="conformance tests" status="passed" time="0.03918767">
              <system-err>&gt; Enter [It] PUT request with digest should return 201 - /go/src/github.com/opencontainers/distribution-spec/conformance/02_push_test.go:244 @ 09/23/26 13:07:12.362&#xA;&lt; Exit [It] PUT request with digest should return 201 - /go/src/github.com/opencontainers/distribution-spec/conformance/02_push_test.go:244 @ 09/23/26 13:07:12.401 (39ms)&#xA;&gt; Enter [ReportAfterEach] TOP-LEVEL - /go/src/github.com/opencontainers/distribution-spec/conformance/00_conformance_suite_test.go:23 @ 09/23/26 13:07:12.401&#xA;&lt; Exit [ReportAfterEach] TOP-LEVEL - /go/src/github.com/opencontainers/distribution-spec/conformance/00_conformance_suite_test.go:23 @ 09/23/26 13:07:12.401 (0s)&#xA;</system-err>
          </testcase>
          <testcase name="OCI Distribution Conformance Tests Push Cross-Repository Blob Mount Cross-mounting of a blob without the from argument should yield session id" classname="conformance tests" status="passed" time="0.010271769">
              <system-err>&gt; Enter [It] Cross-mounting of a blob without the from argument should yield session id - /go/src/github.com/opencontainers/distribution-spec/conformance/02_push_test.go:259 @ 09/23/26 13:07:12.401&#xA;&lt; Exit [It] Cross-mounting of a blob without the from argument should yield session id - /go/src/github.com/opencontainers/distribution-spec/conformance/02_push_test.go:259 @ 09/23/26 13:07:12.411 (10ms)&#xA;&gt; Enter [ReportAfterEach] TOP-LEVEL - /go/src/github.com/opencontainers/distribution-spec/conformance/00_conformance_suite_test.go:23 @ 09/23/26 13:07:12.411&#xA;&lt; Exit [ReportAfterEach] TOP-LEVEL - /go/src/github.com/opencontainers/distribution-spec/conformance/00_conformance_suite_test.go:23 @ 09/23/26 13:07:12.412 (0s)&#xA;</system-err>
          </testcase>
          <testcase name="OCI Distribution Conformance Tests Push Cross-Repository Blob Mount POST request to mount another repository&#39;s blob should return 201 or 202" classname="conformance tests" status="passed" time="0.008777116">
              <system-err>&gt; Enter [It] POST request to mount another repository&#39;s blob should return 201 or 202 - /go/src/github.com/opencontainers/distribution-spec/conformance/02_push_test.go:270 @ 09/23/26 13:07:12.412&#xA;&lt; Exit [It] POST request to mount another repository&#39;s blob should return 201 or 202 - /go/src/github.com/opencontainers/distribution-spec/conformance/02_push_test.go:270 @ 09/23/26 13:07:12.42 (9ms)&#xA;&gt; Enter [ReportAfterEach] TOP-LEVEL - /go/src/github.com/opencontainers/distribution-spec/conformance/00_conformance_suite_test.go:23 @ 09/23/26 13:07:12.42&#xA;&lt; Exit [ReportAfterEach] TOP-LEVEL - /go/src/github.com/opencontainers/distribution-spec/conformance/00_conformance_suite_test.go:23 @ 09/23/26 13:07:12.42 (0s)&#xA;</system-err>
          </testcase>
          <testcase name="OCI Distribution Conformance Tests Push Cross-Repository Blob Mount GET request to test digest within cross-mount namespace should return 200" classname="conformance tests" status="passed" time="0.005380593">
              <system-err>&gt; Enter [It] GET request to test digest within cross-mount namespace should return 200 - /go/src/github.com/opencontainers/distribution-spec/conformance/02_push_test.go:285 @ 09/23/26 13:07:12.42&#xA;&lt; Exit [It] GET request to test digest within cross-mount namespace should return 200 - /go/src/github.com/opencontainers/distribution-spec/conformance/02_push_test.go:285 @ 09/23/26 13:07:12.426 (5ms)&#xA;&gt; Enter [ReportAfterEach] TOP-LEVEL - /go/src/github.com/opencontainers/distribution-spec/conformance/00_conformance_suite_test.go:23 @ 09/23/26 13:07:12.426&#xA;&lt; Exit [ReportAfterEach] TOP-LEVEL - /go/src/github.com/opencontainers/distribution-spec/conformance/00_conformance_suite_test.go:23 @ 09/23/26 13:07:12.426 (0s)&#xA;</system-err>
          </testcase>
          <testcase name="OCI Distribution Conformance Tests Push Cross-Repository Blob Mount Cross-mounting of nonexistent blob should yield session id" classname="conformance tests" status="skipped" time="0.001393075">
              <skipped message="skipped - you have skipped this test."></skipped>
              <system-err>&gt; Enter [It] Cross-mounting of nonexistent blob should yield session id - /go/src/github.com/opencontainers/distribution-spec/conformance/02_push_test.go:295 @ 09/23/26 13:07:12.426&#xA;[SKIPPED] you have skipped this test.&#xA;In [It] at: /go/src/github.com/opencontainers/distribution-spec/conformance/setup.go:585 @ 09/23/26 13:07:12.427&#xA;&lt; Exit [It] Cross-mounting of nonexistent blob should yield session id - /go/src/github.com/opencontainers/distribution-spec/conformance/02_push_test.go:295 @ 09/23/26 13:07:12.427 (1ms)&#xA;&gt; Enter [ReportAfterEach] TOP-LEVEL - /go/src/github.com/opencontainers/distribution-spec/conformance/00_conformance_suite_test.go:23 @ 09/23/26 13:07:12.427&#xA;&lt; Exit [ReportAfterEach] TOP-LEVEL - /go/src/github.com/opencontainers/distribution-spec/conformance/00_conformance_suite_test.go:23 @ 09/23/26 13:07:12.427 (0s)&#xA;</system-err>
          </testcase>
          <testcase name="OCI Distribution Conformance Tests Push Cross-Repository Blob Mount Cross-mounting without from, and automatic content discovery enabled should return a 201" classname="conformance tests" status="skipped" time="0.000164796">
              <skipped message="skipped - you have skipped this test."></skipped>
              <system-err>&gt; Enter [It] Cross-mounting without from, and automatic content discovery enabled should return a 201 - /go/src/github.com/opencontainers/distribution-spec/conformance/02_push_test.go:301 @ 09/23/26 13:07:12.427&#xA;[SKIPPED] you have skipped this test.&#xA;In [It] at: /go/src/github.com/opencontainers/distribution-spec/conformance/setup.go:585 @ 09/23/26 13:07:12.428&#xA;&lt; Exit [It] Cross-mounting without from, and automatic content discovery enabled should return a 201 - /go/src/github.com/opencontainers/distribution-spec/conformance/02_push_test.go:301 @ 09/23/26 13:07:12.428 (0s)&#xA;&gt; Enter [ReportAfterEach] TOP-LEVEL - /go/src/github.com/opencontainers/distribution-spec/conformance/00_conformance_suite_test.go:23 @ 09/23/26 13:07:12.428&#xA;&lt; Exit [ReportAfterEach] TOP-LEVEL - /go/src/github.com/opencontainers/distribution-spec/conformance/00_conformance_suite_test.go:23 @ 09/23/26 13:07:12.43 (2ms)&#xA;</system-err>
          </testcase>
          <testcase name="OCI Distribution Conformance Tests Push Cross-Repository Blob Mount Cross-mounting without from, and automatic content discovery disabled should return a 202" classname="conformance tests" status="passed" time="0.012107114">
              <system-err>&gt; Enter [It] Cross-mounting without from, and automatic content discovery disabled should return a 202 - /go/src/github.com/opencontainers/distribution-spec/conformance/02_push_test.go:314 @ 09/23/26 13:07:12.43&#xA;&lt; Exit [It] Cross-mounting without from, and automatic content discovery disabled should return a 202 - /go/src/github.com/opencontainers/distribution-spec/conformance/02_push_test.go:314 @ 09/23/26 13:07:12.442 (12ms)&#xA;&gt; Enter [ReportAfterEach] TOP-LEVEL - /go/src/github.com/opencontainers/distribution-spec/conformance/00_conformance_suite_test.go:23 @ 09/23/26 13:07:12.442&#xA;&lt; Exit [ReportAfterEach] TOP-LEVEL - /go/src/github.com/opencontainers/distribution-spec/conformance/00_conformance_suite_test.go:23 @ 09/23/26 13:07:12.442 (0s)&#xA;</system-err>
          </testcase>
          <testcase name="OCI Distribution Conformance Tests Push Manifest Upload GET nonexistent manifest should return 404" classname="conformance tests" status="passed" time="0.008892379">
              <system-err>&gt; Enter [It] GET nonexistent manifest should return 404 - /go/src/github.com/opencontainers/distribution-spec/conformance/02_push_test.go:329 @ 09/23/26 13:07:12.442&#xA;&lt; Exit [It] GET nonexistent manifest should return 404 - /go/src/github.com/opencontainers/distribution-spec/conformance/02_push_test.go:329 @ 09/23/26 13:07:12.451 (9ms)&#xA;&gt; Enter [ReportAfterEach] TOP-LEVEL - /go/src/github.com/opencontainers/distribution-spec/conformance/00_conformance_suite_test.go:23 @ 09/23/26 13:07:12.451&#xA;&lt; Exit [ReportAfterEach] TOP-LEVEL - /go/src/github.com/opencontainers/distribution-spec/conformance/00_conformance_suite_test.go:23 @ 09/23/26 13:07:12.452 (0s)&#xA;</system-err>
          </testcase>
          <testcase name="OCI Distribution Conformance Tests Push Manifest Upload PUT should accept a manifest upload" classname="conformance tests" status="passed" time="0.055176907">
              <system-err>&gt; Enter [It] PUT should accept a manifest upload - /go/src/github.com/opencontainers/distribution-spec/conformance/02_push_test.go:338 @ 09/23/26 13:07:12.452&#xA;&lt; Exit [It] PUT should accept a manifest upload - /go/src/github.com/opencontainers/distribution-spec/conformance/02_push_test.go:338 @ 09/23/26 13:07:12.507 (55ms)&#xA;&gt; Enter [ReportAfterEach] TOP-LEVEL - /go/src/github.com/opencontainers/distribution-spec/conformance/00_conformance_suite_test.go:23 @ 09/23/26 13:07:12.507&#xA;&lt; Exit [ReportAfterEach] TOP-LEVEL - /go/src/github.com/opencontainers/distribution-spec/conformance/00_conformance_suite_test.go:23 @ 09/23/26 13:07:12.507 (0s)&#xA;</system-err>
          </testcase>
          <testcase name="OCI Distribution Conformance Tests Push Manifest Upload Registry should accept a manifest upload with no layers" classname="conformance tests" status="passed" time="0.019694773">
              <system-err>&gt; Enter [It] Registry should accept a manifest upload with no layers - /go/src/github.com/opencontainers/distribution-spec/conformance/02_push_test.go:354 @ 09/23/26 13:07:12.507&#xA;&lt; Exit [It] Registry should accept a manifest upload with no layers - /go/src/github.com/opencontainers/distribution-spec/conformance/02_push_test.go:354 @ 09/23/26 13:07:12.527 (20ms)&#xA;&gt; Enter [ReportAfterEach] TOP-LEVEL - /go/src/github.com/opencontainers/distribution-spec/conformance/00_conformance_suite_test.go:23 @ 09/23/26 13:07:12.527&#xA;&lt; Exit [ReportAfterEach] TOP-LEVEL - /go/src/github.com/opencontainers/distribution-spec/conformance/00_conformance_suite_test.go:23 @ 09/23/26 13:07:12.527 (0s)&#xA;</system-err>
          </testcase>
          <testcase name="OCI Distribution Conformance Tests Push Manifest Upload GET request to manifest URL (digest) should yield 200 response" classname="conformance tests" status="passed" time="0.006042753">
              <system-err>&gt; Enter [It] GET request to manifest URL (digest) should yield 200 response - /go/src/github.com/opencontainers/distribution-spec/conformance/02_push_test.go:372 @ 09/23/26 13:07:12.527&#xA;&lt; Exit [It] GET request to manifest URL (digest) should yield 200 response - /go/src/github.com/opencontainers/distribution-spec/conformance/02_push_test.go:372 @ 09/23/26 13:07:12.533 (6ms)&#xA;&gt; Enter [ReportAfterEach] TOP-LEVEL - /go/src/github.com/opencontainers/distribution-spec/conformance/00_conformance_suite_test.go:23 @ 09/23/26 13:07:12.533&#xA;&lt; Exit [ReportAfterEach] TOP-LEVEL - /go/src/github.com/opencontainers/distribution-spec/conformance/00_conformance_suite_test.go:23 @ 09/23/26 13:07:12.533 (0s)&#xA;</system-err>
          </testcase>
          <testcase name="OCI Distribution Conformance Tests Push Teardown Delete manifest created in tests" classname="conformance tests" status="passed" time="0.020915117">
              <system-err>&gt; Enter [It] Delete manifest created in tests - /go/src/github.com/opencontainers/distribution-spec/conformance/02_push_test.go:384 @ 09/23/26 13:07:12.533&#xA;&lt; Exit [It] Delete manifest created in tests - /go/src/github.com/opencontainers/distribution-spec/conformance/02_push_test.go:384 @ 09/23/26 13:07:12.554 (21ms)&#xA;&gt; Enter [ReportAfterEach] TOP-LEVEL - /go/src/github.com/opencontainers/distribution-spec/conformance/00_conformance_suite_test.go:23 @ 09/23/26 13:07:12.554&#xA;&lt; Exit [ReportAfterEach] TOP-LEVEL - /go/src/github.com/opencontainers/distribution-spec/conformance/00_conformance_suite_test.go:23 @ 09/23/26 13:07:12.554 (0s)&#xA;</system-err>
          </testcase>
          <testcase name="OCI Distribution Conformance Tests Push Teardown Delete config blob created in tests" classname="conformance tests" status="passed" time="0.016878457">
              <system-err>&gt; Enter [It] Delete config blob created in tests - /go/src/github.com/opencontainers/distribution-spec/conformance/02_push_test.go:412 @ 09/23/26 13:07:12.554&#xA;&lt; Exit [It] Delete config blob created in tests - /go/src/github.com/opencontainers/distribution-spec/conformance/02_push_test.go:412 @ 09/23/26 13:07:12.571 (17ms)&#xA;&gt; Enter [ReportAfterEach] TOP-LEVEL - /go/src/github.com/opencontainers/distribution-spec/conformance/00_conformance_suite_test.go:23 @ 09/23/26 13:07:12.571&#xA;&lt; Exit [ReportAfterEach] TOP-LEVEL - /go/src/github.com/opencontainers/distribution-spec/conformance/00_conformance_suite_test.go:23 @ 09/23/26 13:07:12.571 (0s)&#xA;</system-err>
          </testcase>
          <testcase name="OCI Distribution Conformance Tests Push Teardown Delete layer blob created in setup" classname="conformance tests" status="passed" time="0.00907066">
              <system-err>&gt; Enter [It] Delete layer blob created in setup - /go/src/github.com/opencontainers/distribution-spec/conformance/02_push_test.go:428 @ 09/23/26 13:07:12.571&#xA;&lt; Exit [It] Delete layer blob created in setup - /go/src/github.com/opencontainers/distribution-spec/conformance/02_push_test.go:428 @ 09/23/26 13:07:12.58 (9ms)&#xA;&gt; Enter [ReportAfterEach] TOP-LEVEL - /go/src/github.com/opencontainers/distribution-spec/conformance/00_conformance_suite_test.go:23 @ 09/23/26 13:07:12.58&#xA;&lt; Exit [ReportAfterEach] TOP-LEVEL - /go/src/github.com/opencontainers/distribution-spec/conformance/00_conformance_suite_test.go:23 @ 09/23/26 13:07:12.58 (0s)&#xA;</system-err>
          </testcase>
          <testcase name="OCI Distribution Conformance Tests Content Discovery Setup Populate registry with test blob" classname="conformance tests" status="passed" time="0.038908773">
              <system-err>&gt; Enter [It] Populate registry with test blob - /go/src/github.com/opencontainers/distribution-spec/conformance/03_discovery_test.go:24 @ 09/23/26 13:07:12.581&#xA;&lt; Exit [It] Populate registry with test blob - /go/src/github.com/opencontainers/distribution-spec/conformance/03_discovery_test.go:24 @ 09/23/26 13:07:12.619 (39ms)&#xA;&gt; Enter [ReportAfterEach] TOP-LEVEL - /go/src/github.com/opencontainers/distribution-spec/conformance/00_conformance_suite_test.go:23 @ 09/23/26 13:07:12.619&#xA;&lt; Exit [ReportAfterEach] TOP-LEVEL - /go/src/github.com/opencontainers/distribution-spec/conformance/00_conformance_suite_test.go:23 @ 09/23/26 13:07:12.62 (0s)&#xA;</system-err>
          </testcase>
          <testcase name="OCI Distribution Conformance Tests Content Discovery Setup Populate registry with test layer" classname="conformance tests" status="passed" time="0.028848297">
              <system-err>&gt; Enter [It] Populate registry with test layer - /go/src/github.com/opencontainers/distribution-spec/conformance/03_discovery_test.go:42 @ 09/23/26 13:07:12.62&#xA;&lt; Exit [It] Populate registry with test layer - /go/src/github.com/opencontainers/distribution-spec/conformance/03_discovery_test.go:42 @ 09/23/26 13:07:12.648 (29ms)&#xA;&gt; Enter [ReportAfterEach] TOP-LEVEL - /go/src/github.com/opencontainers/distribution-spec/conformance/00_conformance_suite_test.go:23 @ 09/23/26 13:07:12.648&#xA;&lt; Exit [ReportAfterEach] TOP-LEVEL - /go/src/github.com/opencontainers/distribution-spec/conformance/00_conformance_suite_test.go:23 @ 09/23/26 13:07:12.649 (0s)&#xA;</system-err>
          </testcase>
          <testcase name="OCI Distribution Conformance Tests Content Discovery Setup Populate registry with test tags" classname="conformance tests" status="passed" time="0.056629974">
              <system-err>&gt; Enter [It] Populate registry with test tags - /go/src/github.com/opencontainers/distribution-spec/conformance/03_discovery_test.go:60 @ 09/23/26 13:07:12.649&#xA;&lt; Exit [It] Populate registry with test tags - /go/src/github.com/opencontainers/distribution-spec/conformance/03_discovery_test.go:60 @ 09/23/26 13:07:12.705 (57ms)&#xA;&gt; Enter [ReportAfterEach] TOP-LEVEL - /go/src/github.com/opencontainers/distribution-spec/conformance/00_conformance_suite_test.go:23 @ 09/23/26 13:07:12.705&#xA;&lt; Exit [ReportAfterEach] TOP-LEVEL - /go/src/github.com/opencontainers/distribution-spec/conformance/00_conformance_suite_test.go:23 @ 09/23/26 13:07:12.705 (0s)&#xA;</system-err>
          </testcase>
          <testcase name="OCI Distribution Conformance Tests Content Discovery Setup Populate registry with test tags (no push)" classname="conformance tests" status="skipped" time="0.000518512">
              <skipped message="skipped - you have skipped this test."></skipped>
              <system-err>&gt; Enter [It] Populate registry with test tags (no push) - /go/src/github.com/opencontainers/distribution-spec/conformance/03_discovery_test.go:82 @ 09/23/26 13:07:12.705&#xA;[SKIPPED] you have skipped this test.&#xA;In [It] at: /go/src/github.com/opencontainers/distribution-spec/conformance/setup.go:591 @ 09/23/26 13:07:12.706&#xA;&lt; Exit [It] Populate registry with test tags (no push) - /go/src/github.com/opencontainers/distribution-spec/conformance/03_discovery_test.go:82 @ 09/23/26 13:07:12.706 (1ms)&#xA;&gt; Enter [ReportAfterEach] TOP-LEVEL - /go/src/github.com/opencontainers/distribution-spec/conformance/00_conformance_suite_test.go:23 @ 09/23/26 13:07:12.706&#xA;&lt; Exit [ReportAfterEach] TOP-LEVEL - /go/src/github.com/opencontainers/distribution-spec/conformance/00_conformance_suite_test.go:23 @ 09/23/26 13:07:12.706 (0s)&#xA;</system-err>
          </testcase>
          <testcase name="OCI Distribution Conformance Tests Content Discovery Setup References setup" classname="conformance tests" status="passed" time="0.463290445">
              <system-err>&gt; Enter [It] References setup - /go/src/github.com/opencontainers/distribution-spec/conformance/03_discovery_test.go:88 @ 09/23/26 13:07:12.706&#xA;&lt; Exit [It] References setup - /go/src/github.com/opencontainers/distribution-spec/conformance/03_discovery_test.go:88 @ 09/23/26 13:07:13.169 (463ms)&#xA;&gt; Enter [ReportAfterEach] TOP-LEVEL - /go/src/github.com/opencontainers/distribution-spec/conformance/00_conformance_suite_test.go:23 @ 09/23/26 13:07:13.169&#xA;&lt; Exit [ReportAfterEach] TOP-LEVEL - /go/src/github.com/opencontainers/distribution-spec/conformance/00_conformance_suite_test.go:23 @ 09/23/26 13:07:13.17 (1ms)&#xA;</system-err>
          </testcase>
          <testcase name="OCI Distribution Conformance Tests Content Discovery Test content discovery endpoints (listing tags) GET request to list tags should yield 200 response" classname="conformance tests" status="passed" time="0.003746231">
              <system-err>&gt; Enter [It] GET request to list tags should yield 200 response - /go/src/github.com/opencontainers/distribution-spec/conformance/03_discovery_test.go:256 @ 09/23/26 13:07:13.17&#xA;&lt; Exit [It] GET request to list tags should yield 200 response - /go/src/github.com/opencontainers/distribution-spec/conformance/03_discovery_test.go:256 @ 09/23/26 13:07:13.174 (4ms)&#xA;&gt; Enter [ReportAfterEach] TOP-LEVEL - /go/src/github.com/opencontainers/distribution-spec/conformance/00_conformance_suite_test.go:23 @ 09/23/26 13:07:13.174&#xA;&lt; Exit [ReportAfterEach] TOP-LEVEL - /go/src/github.com/opencontainers/distribution-spec/conformance/00_conformance_suite_test.go:23 @ 09/23/26 13:07:13.174 (0s)&#xA;</system-err>
          </testcase>
          <testcase name="OCI Distribution Conformance Tests Content Discovery Test content discovery endpoints (listing tags) GET number of tags should be limitable by `n` query parameter" classname="conformance tests" status="passed" time="0.003596634">
              <system-err>&gt; Enter [It] GET number of tags should be limitable by `n` query parameter - /go/src/github.com/opencontainers/distribution-spec/conformance/03_discovery_test.go:266 @ 09/23/26 13:07:13.175&#xA;&lt; Exit [It] GET number of tags should be limitable by `n` query parameter - /go/src/github.com/opencontainers/distribution-spec/conformance/03_discovery_test.go:266 @ 09/23/26 13:07:13.178 (4ms)&#xA;&gt; Enter [ReportAfterEach] TOP-LEVEL - /go/src/github.com/opencontainers/distribution-spec/conformance/00_conformance_suite_test.go:23 @ 09/23/26 13:07:13.178&#xA;&lt; Exit [ReportAfterEach] TOP-LEVEL - /go/src/github.com/opencontainers/distribution-spec/conformance/00_conformance_suite_test.go:23 @ 09/23/26 13:07:13.178 (0s)&#xA;</system-err>
          </testcase>
          <testcase name="OCI Distribution Conformance Tests Content Discovery Test content discovery endpoints (listing tags) GET start of tag is set by `last` query parameter" classname="conformance tests" status="passed" time="0.004351443">
              <system-err>&gt; Enter [It] GET start of tag is set by `last` query parameter - /go/src/github.com/opencontainers/distribution-spec/conformance/03_discovery_test.go:279 @ 09/23/26 13:07:13.179&#xA;&lt; Exit [It] GET start of tag is set by `last` query parameter - /go/src/github.com/opencontainers/distribution-spec/conformance/03_discovery_test.go:279 @ 09/23/26 13:07:13.183 (4ms)&#xA;&gt; Enter [ReportAfterEach] TOP-LEVEL - /go/src/github.com/opencontainers/distribution-spec/conformance/00_conformance_suite_test.go:23 @ 09/23/26 13:07:13.183&#xA;&lt; Exit [ReportAfterEach] TOP-LEVEL - /go/src/github.com/opencontainers/distribution-spec/conformance/00_conformance_suite_test.go:23 @ 09/23/26 13:07:13.183 (0s)&#xA;</system-err>
          </testcase>
          <testcase name="OCI Distribution Conformance Tests Content Discovery Test content discovery endpoints (listing references) GET request to nonexistent blob should result in empty 200 response" classname="conformance tests" status="passed" time="0.003471061">
              <system-err>&gt; Enter [It] GET request to nonexistent blob should result in empty 200 response - /go/src/github.com/opencontainers/distribution-spec/conformance/03_discovery_test.go:300 @ 09/23/26 13:07:13.183&#xA;&lt; Exit [It] GET request to nonexistent blob should result in empty 200 response - /go/src/github.com/opencontainers/distribution-spec/conformance/03_discovery_test.go:300 @ 09/23/26 13:07:13.187 (3ms)&#xA;&gt; Enter [ReportAfterEach] TOP-LEVEL - /go/src/github.com/opencontainers/distribution-spec/conformance/00_conformance_suite_test.go:23 @ 09/23/26 13:07:13.187&#xA;&lt; Exit [ReportAfterEach] TOP-LEVEL - /go/src/github.com/opencontainers/distribution-spec/conformance/00_conformance_suite_test.go:23 @ 09/23/26 13:07:13.187 (0s)&#xA;</system-err>
          </testcase>
          <testcase name="OCI Distribution Conformance Tests Content Discovery Test content discovery endpoints (listing references) GET request to existing blob should yield 200" classname="conformance tests" status="passed" time="0.005687373">
              <system-err>&gt; Enter [It] GET request to existing blob should yield 200 - /go/src/github.com/opencontainers/distribution-spec/conformance/03_discovery_test.go:315 @ 09/23/26 13:07:13.187&#xA;&lt; Exit [It] GET request to existing blob should yield 200 - /go/src/github.com/opencontainers/distribution-spec/conformance/03_discovery_test.go:315 @ 09/23/26 13:07:13.193 (6ms)&#xA;&gt; Enter [ReportAfterEach] TOP-LEVEL - /go/src/github.com/opencontainers/distribution-spec/conformance/00_conformance_suite_test.go:23 @ 09/23/26 13:07:13.193&#xA;&lt; Exit [ReportAfterEach] TOP-LEVEL - /go/src/github.com/opencontainers/distribution-spec/conformance/00_conformance_suite_test.go:23 @ 09/23/26 13:07:13.193 (0s)&#xA;</system-err>
          </testcase>
          <testcase name="OCI Distribution Conformance Tests Content Discovery Test content discovery endpoints (listing references) GET request to existing blob with filter should yield 200" classname="conformance tests" status="passed" time="0.003468635">
              <system-err>&gt; Enter [It] GET request to existing blob with filter should yield 200 - /go/src/github.com/opencontainers/distribution-spec/conformance/03_discovery_test.go:335 @ 09/23/26 13:07:13.193&#xA;&lt; Exit [It] GET request to existing blob with filter should yield 200 - /go/src/github.com/opencontainers/distribution-spec/conformance/03_discovery_test.go:335 @ 09/23/26 13:07:13.196 (3ms)&#xA;&gt; Enter [ReportAfterEach] TOP-LEVEL - /go/src/github.com/opencontainers/distribution-spec/conformance/00_conformance_suite_test.go:23 @ 09/23/26 13:07:13.196&#xA;&lt; Exit [ReportAfterEach] TOP-LEVEL - /go/src/github.com/opencontainers/distribution-spec/conformance/00_conformance_suite_test.go:23 @ 09/23/26 13:07:13.196 (0s)&#xA;</system-err>
          </testcase>
          <testcase name="OCI Distribution Conformance Tests Content Discovery Test content discovery endpoints (listing references) GET request to missing manifest should yield 200" classname="conformance tests" status="passed" time="0.008633228">
              <system-err>&gt; Enter [It] GET request to missing manifest should yield 200 - /go/src/github.com/opencontainers/distribution-spec/conformance/03_discovery_test.go:367 @ 09/23/26 13:07:13.196&#xA;&lt; Exit [It] GET request to missing manifest should yield 200 - /go/src/github.com/opencontainers/distribution-spec/conformance/03_discovery_test.go:367 @ 09/23/26 13:07:13.205 (9ms)&#xA;&gt; Enter [ReportAfterEach] TOP-LEVEL - /go/src/github.com/opencontainers/distribution-spec/conformance/00_conformance_suite_test.go:23 @ 09/23/26 13:07:13.205&#xA;&lt; Exit [ReportAfterEach] TOP-LEVEL - /go/src/github.com/opencontainers/distribution-spec/conformance/00_conformance_suite_test.go:23 @ 09/23/26 13:07:13.206 (1ms)&#xA;</system-err>
          </testcase>
          <testcase name="OCI Distribution Conformance Tests Content Discovery Teardown Delete created manifest &amp; associated tags" classname="conformance tests" status="passed" time="0.081699028">
              <system-err>&gt; Enter [It] Delete created manifest &amp; associated tags - /go/src/github.com/opencontainers/distribution-spec/conformance/03_discovery_test.go:386 @ 09/23/26 13:07:13.206&#xA;&lt; Exit [It] Delete created manifest &amp; associated tags - /go/src/github.com/opencontainers/distribution-spec/conformance/03_discovery_test.go:386 @ 09/23/26 13:07:13.288 (82ms)&#xA;&gt; Enter [ReportAfterEach] TOP-LEVEL - /go/src/github.com/opencontainers/distribution-spec/conformance/00_conformance_suite_test.go:23 @ 09/23/26 13:07:13.288&#xA;&lt; Exit [ReportAfterEach] TOP-LEVEL - /go/src/github.com/opencontainers/distribution-spec/conformance/00_conformance_suite_test.go:23 @ 09/23/26 13:07:13.289 (1ms)&#xA;</system-err>
          </testcase>
          <testcase name="OCI Distribution Conformance Tests Content Discovery Teardown Delete config blob created in tests" classname="conformance tests" status="passed" time="0.009032268">
              <system-err>&gt; Enter [It] Delete config blob created in tests - /go/src/github.com/opencontainers/distribution-spec/conformance/03_discovery_test.go:415 @ 09/23/26 13:07:13.289&#xA;&lt; Exit [It] Delete config blob created in tests - /go/src/github.com/opencontainers/distribution-spec/conformance/03_discovery_test.go:415 @ 09/23/26 13:07:13.298 (9ms)&#xA;&gt; Enter [ReportAfterEach] TOP-LEVEL - /go/src/github.com/opencontainers/distribution-spec/conformance/00_conformance_suite_test.go:23 @ 09/23/26 13:07:13.298&#xA;&lt; Exit [ReportAfterEach] TOP-LEVEL - /go/src/github.com/opencontainers/distribution-spec/conformance/00_conformance_suite_test.go:23 @ 09/23/26 13:07:13.298 (0s)&#xA;</system-err>
          </testcase>
          <testcase name="OCI Distribution Conformance Tests Content Discovery Teardown Delete layer blob created in setup" classname="conformance tests" status="passed" time="0.008906716">
              <system-err>&gt; Enter [It] Delete layer blob created in setup - /go/src/github.com/opencontainers/distribution-spec/conformance/03_discovery_test.go:431 @ 09/23/26 13:07:13.298&#xA;&lt; Exit [It] Delete layer blob created in setup - /go/src/github.com/opencontainers/distribution-spec/conformance/03_discovery_test.go:431 @ 09/23/26 13:07:13.307 (9ms)&#xA;&gt; Enter [ReportAfterEach] TOP-LEVEL - /go/src/github.com/opencontainers/distribution-spec/conformance/00_conformance_suite_test.go:23 @ 09/23/26 13:07:13.307&#xA;&lt; Exit [ReportAfterEach] TOP-LEVEL - /go/src/github.com/opencontainers/distribution-spec/conformance/00_conformance_suite_test.go:23 @ 09/23/26 13:07:13.307 (0s)&#xA;</system-err>
          </testcase>
          <testcase name="OCI Distribution Conformance Tests Content Discovery Teardown References teardown" classname="conformance tests" status="passed" time="0.05721096">
              <system-err>&gt; Enter [It] References teardown - /go/src/github.com/opencontainers/distribution-spec/conformance/03_discovery_test.go:477 @ 09/23/26 13:07:13.307&#xA;&lt; Exit [It] References teardown - /go/src/github.com/opencontainers/distribution-spec/conformance/03_discovery_test.go:477 @ 09/23/26 13:07:13.364 (57ms)&#xA;&gt; Enter [ReportAfterEach] TOP-LEVEL - /go/src/github.com/opencontainers/distribution-spec/conformance/00_conformance_suite_test.go:23 @ 09/23/26 13:07:13.365&#xA;&lt; Exit [ReportAfterEach] TOP-LEVEL - /go/src/github.com/opencontainers/distribution-spec/conformance/00_conformance_suite_test.go:23 @ 09/23/26 13:07:13.365 (0s)&#xA;</system-err>
          </testcase>
          <testcase name="OCI Distribution Conformance Tests Content Management Setup Populate registry with test config blob" classname="conformance tests" status="passed" time="0.037898929">
              <system-err>&gt; Enter [It] Populate registry with test config blob - /go/src/github.com/opencontainers/distribution-spec/conformance/04_management_test.go:21 @ 09/23/26 13:07:13.365&#xA;&lt; Exit [It] Populate registry with test config blob - /go/src/github.com/opencontainers/distribution-spec/conformance/04_management_test.go:21 @ 09/23/26 13:07:13.403 (38ms)&#xA;&gt; Enter [ReportAfterEach] TOP-LEVEL - /go/src/github.com/opencontainers/distribution-spec/conformance/00_conformance_suite_test.go:23 @ 09/23/26 13:07:13.403&#xA;&lt; Exit [ReportAfterEach] TOP-LEVEL - /go/src/github.com/opencontainers/distribution-spec/conformance/00_conformance_suite_test.go:23 @ 09/23/26 13:07:13.403 (0s)&#xA;</system-err>
          </testcase>
          <testcase name="OCI Distribution Conformance Tests Content Management Setup Populate registry with test layer" classname="conformance tests" status="passed" time="0.025515473">
              <system-err>&gt; Enter [It] Populate registry with test layer - /go/src/github.com/opencontainers/distribution-spec/conformance/04_management_test.go:39 @ 09/23/26 13:07:13.403&#xA;&lt; Exit [It] Populate registry with test layer - /go/src/github.com/opencontainers/distribution-spec/conformance/04_management_test.go:39 @ 09/23/26 13:07:13.428 (26ms)&#xA;&gt; Enter [ReportAfterEach] TOP-LEVEL - /go/src/github.com/opencontainers/distribution-spec/conformance/00_conformance_suite_test.go:23 @ 09/23/26 13:07:13.428&#xA;&lt; Exit [ReportAfterEach] TOP-LEVEL - /go/src/github.com/opencontainers/distribution-spec/conformance/00_conformance_suite_test.go:23 @ 09/23/26 13:07:13.429 (0s)&#xA;</system-err>
          </testcase>
          <testcase name="OCI Distribution Conformance Tests Content Management Setup Populate registry with test tag" classname="conformance tests" status="passed" time="0.02165504">
              <system-err>&gt; Enter [It] Populate registry with test tag - /go/src/github.com/opencontainers/distribution-spec/conformance/04_management_test.go:57 @ 09/23/26 13:07:13.429&#xA;&lt; Exit [It] Populate registry with test tag - /go/src/github.com/opencontainers/distribution-spec/conformance/04_management_test.go:57 @ 09/23/26 13:07:13.45 (22ms)&#xA;&gt; Enter [ReportAfterEach] TOP-LEVEL - /go/src/github.com/opencontainers/distribution-spec/conformance/00_conformance_suite_test.go:23 @ 09/23/26 13:07:13.45&#xA;&lt; Exit [ReportAfterEach] TOP-LEVEL - /go/src/github.com/opencontainers/distribution-spec/conformance/00_conformance_suite_test.go:23 @ 09/23/26 13:07:13.45 (0s)&#xA;</system-err>
          </testcase>
          <testcase name="OCI Distribution Conformance Tests Content Management Setup Check how many tags there are before anything gets deleted" classname="conformance tests" status="passed" time="0.003355225">
              <system-err>&gt; Enter [It] Check how many tags there are before anything gets deleted - /go/src/github.com/opencontainers/distribution-spec/conformance/04_management_test.go:72 @ 09/23/26 13:07:13.453&#xA;&lt; Exit [It] Check how many tags there are before anything gets deleted - /go/src/github.com/opencontainers/distribution-spec/conformance/04_management_test.go:72 @ 09/23/26 13:07:13.457 (3ms)&#xA;&gt; Enter [ReportAfterEach] TOP-LEVEL - /go/src/github.com/opencontainers/distribution-spec/conformance/00_conformance_suite_test.go:23 @ 09/23/26 13:07:13.457&#xA;&lt; Exit [ReportAfterEach] TOP-LEVEL - /go/src/github.com/opencontainers/distribution-spec/conformance/00_conformance_suite_test.go:23 @ 09/23/26 13:07:13.457 (0s)&#xA;</system-err>
          </testcase>
          <testcase name="OCI Distribution Conformance Tests Content Management Manifest delete DELETE request to manifest tag should return 202, unless tag deletion is disallowed (400/405)" classname="conformance tests" status="passed" time="0.006054243">
              <system-err>&gt; Enter [It] DELETE request to manifest tag should return 202, unless tag deletion is disallowed (400/405) - /go/src/github.com/opencontainers/distribution-spec/conformance/04_management_test.go:88 @ 09/23/26 13:07:13.457&#xA;&lt; Exit [It] DELETE request to manifest tag should return 202, unless tag deletion is disallowed (400/405) - /go/src/github.com/opencontainers/distribution-spec/conformance/04_management_test.go:88 @ 09/23/26 13:07:13.463 (6ms)&#xA;&gt; Enter [ReportAfterEach] TOP-LEVEL - /go/src/github.com/opencontainers/distribution-spec/conformance/00_conformance_suite_test.go:23 @ 09/23/26 13:07:13.463&#xA;&lt; Exit [ReportAfterEach] TOP-LEVEL - /go/src/github.com/opencontainers/distribution-spec/conformance/00_conformance_suite_test.go:23 @ 09/23/26 13:07:13.463 (0s)&#xA;</system-err>
          </testcase>
          <testcase name="OCI Distribution Conformance Tests Content Management Manifest delete DELETE request to manifest (digest) should yield 202 response unless already deleted" classname="conformance tests" status="passed" time="0.007696019">
              <system-err>&gt; Enter [It] DELETE request to manifest (digest) should yield 202 response unless already deleted - /go/src/github.com/opencontainers/distribution-spec/conformance/04_management_test.go:106 @ 09/23/26 13:07:13.463&#xA;&lt; Exit [It] DELETE request to manifest (digest) should yield 202 response unless already deleted - /go/src/github.com/opencontainers/distribution-spec/conformance/04_management_test.go:106 @ 09/23/26 13:07:13.471 (8ms)&#xA;&gt; Enter [ReportAfterEach] TOP-LEVEL - /go/src/github.com/opencontainers/distribution-spec/conformance/00_conformance_suite_test.go:23 @ 09/23/26 13:07:13.471&#xA;&lt; Exit [ReportAfterEach] TOP-LEVEL - /go/src/github.com/opencontainers/distribution-spec/conformance/00_conformance_suite_test.go:23 @ 09/23/26 13:07:13.471 (0s)&#xA;</system-err>
          </testcase>
          <testcase name="OCI Distribution Conformance Tests Content Management Manifest delete GET request to deleted manifest URL should yield 404 response, unless delete is disallowed" classname="conformance tests" status="passed" time="0.006722453">
              <system-err>&gt; Enter [It] GET request to deleted manifest URL should yield 404 response, unless delete is disallowed - /go/src/github.com/opencontainers/distribution-spec/conformance/04_management_test.go:118 @ 09/23/26 13:07:13.471&#xA;&lt; Exit [It] GET request to deleted manifest URL should yield 404 response, unless delete is disallowed - /go/src/github.com/opencontainers/distribution-spec/conformance/04_management_test.go:118 @ 09/23/26 13:07:13.477 (7ms)&#xA;&gt; Enter [ReportAfterEach] TOP-LEVEL - /go/src/github.com/opencontainers/distribution-spec/conformance/00_conformance_suite_test.go:23 @ 09/23/26 13:07:13.477&#xA;&lt; Exit [ReportAfterEach] TOP-LEVEL - /go/src/github.com/opencontainers/distribution-spec/conformance/00_conformance_suite_test.go:23 @ 09/23/26 13:07:13.478 (0s)&#xA;</system-err>
          </testcase>
          <testcase name="OCI Distribution Conformance Tests Content Management Manifest delete GET request to tags list should reflect manifest deletion" classname="conformance tests" status="passed" time="0.011633315">
              <system-err>&gt; Enter [It] GET request to tags list should reflect manifest deletion - /go/src/github.com/opencontainers/distribution-spec/conformance/04_management_test.go:129 @ 09/23/26 13:07:13.478&#xA;&lt; Exit [It] GET request to tags list should reflect manifest deletion - /go/src/github.com/opencontainers/distribution-spec/conformance/04_management_test.go:129 @ 09/23/26 13:07:13.49 (12ms)&#xA;&gt; Enter [ReportAfterEach] TOP-LEVEL - /go/src/github.com/opencontainers/distribution-spec/conformance/00_conformance_suite_test.go:23 @ 09/23/26 13:07:13.49&#xA;&lt; Exit [ReportAfterEach] TOP-LEVEL - /go/src/github.com/opencontainers/distribution-spec/conformance/00_conformance_suite_test.go:23 @ 09/23/26 13:07:13.49 (0s)&#xA;</system-err>
          </testcase>
          <testcase name="OCI Distribution Conformance Tests Content Management Blob delete DELETE request to blob URL should yield 202 response" classname="conformance tests" status="passed" time="0.034879336">
              <system-err>&gt; Enter [It] DELETE request to blob URL should yield 202 response - /go/src/github.com/opencontainers/distribution-spec/conformance/04_management_test.go:153 @ 09/23/26 13:07:13.491&#xA;&lt; Exit [It] DELETE request to blob URL should yield 202 response - /go/src/github.com/opencontainers/distribution-spec/conformance/04_management_test.go:153 @ 09/23/26 13:07:13.525 (35ms)&#xA;&gt; Enter [ReportAfterEach] TOP-LEVEL - /go/src/github.com/opencontainers/distribution-spec/conformance/00_conformance_suite_test.go:23 @ 09/23/26 13:07:13.525&#xA;&lt; Exit [ReportAfterEach] TOP-LEVEL - /go/src/github.com/opencontainers/distribution-spec/conformance/00_conformance_suite_test.go:23 @ 09/23/26 13:07:13.528 (2ms)&#xA;</system-err>
          </testcase>
          <testcase name="OCI Distribution Conformance Tests Content Management Blob delete GET request to deleted blob URL should yield 404 response" classname="conformance tests" status="passed" time="0.048507382">
              <system-err>&gt; Enter [It] GET request to deleted blob URL should yield 404 response - /go/src/github.com/opencontainers/distribution-spec/conformance/04_management_test.go:180 @ 09/23/26 13:07:13.528&#xA;&lt; Exit [It] GET request to deleted blob URL should yield 404 response - /go/src/github.com/opencontainers/distribution-spec/conformance/04_management_test.go:180 @ 09/23/26 13:07:13.577 (48ms)&#xA;&gt; Enter [ReportAfterEach] TOP-LEVEL - /go/src/github.com/opencontainers/distribution-spec/conformance/00_conformance_suite_test.go:23 @ 09/23/26 13:07:13.577&#xA;&lt; Exit [ReportAfterEach] TOP-LEVEL - /go/src/github.com/opencontainers/distribution-spec/conformance/00_conformance_suite_test.go:23 @ 09/23/26 13:07:13.577 (0s)&#xA;</system-err>
          </testcase>
          <testcase name="html custom reporter" classname="conformance tests" status="passed" time="0.017949534">
              <system-err>&gt; Enter [ReportAfterSuite] TOP-LEVEL - /go/src/github.com/opencontainers/distribution-spec/conformance/00_conformance_suite_test.go:24 @ 09/23/26 13:07:13.577&#xA;&lt; Exit [ReportAfterSuite] TOP-LEVEL - /go/src/github.com/opencontainers/distribution-spec/conformance/00_conformance_suite_test.go:24 @ 09/23/26 13:07:13.595 (18ms)&#xA;</system-err>
          </testcase>
      </testsuite>
  </testsuites>